<?xml version="1.0" encoding="UTF-8"?>
<testsuite name="Launch Google Page" tests="1" skipped="0" failures="1" errors="0" timestamp="2020-04-12T15:07:55" hostname="Ks-MacBook-Pro" time="0.092">
  <properties/>
  <testcase name="Verify Google Page Successful Login" classname="Launch Google Page" time="0.092">
    <failure message="java.lang.IllegalStateException: The path to the driver executable must be set by the webdriver.chrome.driver system property; for more information, see https://github.com/SeleniumHQ/selenium/wiki/ChromeDriver. The latest version can be downloaded from http://chromedriver.storage.googleapis.com/index.html" type="java.lang.IllegalStateException">java.lang.IllegalStateException: The path to the driver executable must be set by the webdriver.chrome.driver system property; for more information, see https://github.com/SeleniumHQ/selenium/wiki/ChromeDriver. The latest version can be downloaded from http://chromedriver.storage.googleapis.com/index.html
	at com.google.common.base.Preconditions.checkState(Preconditions.java:847)
	at org.openqa.selenium.remote.service.DriverService.findExecutable(DriverService.java:134)
	at org.openqa.selenium.chrome.ChromeDriverService.access$000(ChromeDriverService.java:35)
	at org.openqa.selenium.chrome.ChromeDriverService$Builder.findDefaultExecutable(ChromeDriverService.java:159)
	at org.openqa.selenium.remote.service.DriverService$Builder.build(DriverService.java:355)
	at org.openqa.selenium.chrome.ChromeDriverService.createDefaultService(ChromeDriverService.java:94)
	at org.openqa.selenium.chrome.ChromeDriver.&lt;init&gt;(ChromeDriver.java:123)
	at com.kdrtut.base.DriverInit.&lt;init&gt;(DriverInit.java:13)
	at com.kdrtut.base.DriverInit.getInstance(DriverInit.java:25)
	at com.kdrtut.stepdefs.StepdefIntegration.browser_is_opened(StepdefIntegration.java:15)
	at âœ½.browser is opened(file:///Users/khadeer/IdeaProjects/seleniumtut/src/test/resources/features/LaunchGoogle.feature:4)
</failure>
  </testcase>
  <system-out><![CDATA[]]></system-out>
  <system-err><![CDATA[]]></system-err>
</testsuite>
